<?xml version="1.0" encoding="UTF-8"?>
<!-- Generated by org.testng.reporters.JUnitReportReporter -->
<testsuite skipped="1" hostname="Ganesh-PC" name="OnlinePortal.portalpages.FbLoginTest" tests="1" failures="0" timestamp="13 Aug 2019 04:42:23 GMT" time="0.000" errors="0">
  <testcase name="init" time="0.000" classname="OnlinePortal.portalpages.FbLoginTest">
    <skipped/>
  </testcase> <!-- init -->
</testsuite> <!-- OnlinePortal.portalpages.FbLoginTest -->
